Run job with 1 node and 8 cores
 
start_time: 1523530233.0155594
posts per grid: ------------------------------ 
'A1: 0 posts'
'A2: 0 posts'
'A3: 0 posts'
'A4: 0 posts'
'B1: 0 posts'
'B2: 0 posts'
'B3: 0 posts'
'B4: 0 posts'
'C1: 0 posts'
'C2: 0 posts'
'C3: 0 posts'
'C4: 0 posts'
'C5: 0 posts'
'D3: 0 posts'
'D4: 0 posts'
'D5: 0 posts'
posts per row: ------------------------------ 
'A_Row: 0 posts'
'B_Row: 0 posts'
'C_Row: 0 posts'
'D_Row: 0 posts'
posts per column: ------------------------------ 
'column_1: 0 posts'
'column_2: 0 posts'
'column_3: 0 posts'
'column_4: 0 posts'
'column_5: 0 posts'
endtime: 1523530349.1862357

Total time used for execution is 01 minutes and 56 seconds
